<?xml version="1.0" encoding="UTF-8"?>
<testsuite xmlns:xsi="http://www.w3.org/2001/XMLSchema-instance" xsi:noNamespaceSchemaLocation="https://maven.apache.org/surefire/maven-surefire-plugin/xsd/surefire-test-report-3.0.xsd" version="3.0" name="util.DataServiceTest" time="0.279" tests="5" errors="0" skipped="0" failures="0">
  <properties>
[...]
</properties>
  <testcase name="loadRecipeBook_shouldReturnList" classname="util.DataServiceTest" time="0.223"/>
  <testcase name="loadMealPlans_shouldReturnMap" classname="util.DataServiceTest" time="0.011"/>
  <testcase name="saveToFile_and_loadFromFile_shouldWorkCorrectly" classname="util.DataServiceTest" time="0.015">
    <system-out><![CDATA[src/main/resources/test.json wurde gespeichert.
]]></system-out>
  </testcase>
  <testcase name="loadFromFile_shouldReturnDefaultValueOnMissingFile" classname="util.DataServiceTest" time="0.003">
    <system-out><![CDATA[Fehler beim Laden von nonexistent.json: nonexistent.json (The system cannot find the file specified)
]]></system-out>
  </testcase>
  <testcase name="loadPantry_shouldReturnList" classname="util.DataServiceTest" time="0.005"/>
</testsuite>